2026-05-18 11:09:12 [main] INFO  server.dao.ConnectDatabase - Kết nối database thành công
2026-05-18 11:09:12 [main] INFO  server.AppServer - [SERVER] Kết nối database thành công
2026-05-18 11:09:12 [main] INFO  server.AppServer - [SERVER] Server đấu giá đang chạy trên port 8080...
2026-05-18 11:09:24 [Thread-0] INFO  server.dao.UserDAO - Người dùng John xác thực thành công
2026-05-18 11:09:46 [Thread-0] ERROR server.dao.WalletDAO - Lỗi lấy lịch sử giao dịch
org.sqlite.SQLiteException: [SQLITE_ERROR] SQL error or missing database (no such table: Money)
	at org.sqlite.core.DB.newSQLException(DB.java:1182)
	at org.sqlite.core.DB.newSQLException(DB.java:1193)
	at org.sqlite.core.DB.throwex(DB.java:1153)
	at org.sqlite.core.NativeDB.prepare_utf8(Native Method)
	at org.sqlite.core.NativeDB.prepare(NativeDB.java:135)
	at org.sqlite.core.DB.prepare(DB.java:265)
	at org.sqlite.core.CorePreparedStatement.<init>(CorePreparedStatement.java:46)
	at org.sqlite.jdbc3.JDBC3PreparedStatement.<init>(JDBC3PreparedStatement.java:33)
	at org.sqlite.jdbc4.JDBC4PreparedStatement.<init>(JDBC4PreparedStatement.java:28)
	at org.sqlite.jdbc4.JDBC4Connection.prepareStatement(JDBC4Connection.java:34)
	at org.sqlite.jdbc3.JDBC3Connection.prepareStatement(JDBC3Connection.java:225)
	at org.sqlite.jdbc3.JDBC3Connection.prepareStatement(JDBC3Connection.java:205)
	at server.dao.WalletDAO.getHistory(WalletDAO.java:48)
	at server.ClientHandler.handleGetWalletHistory(ClientHandler.java:433)
	at server.ClientHandler.handleRequest(ClientHandler.java:115)
	at server.ClientHandler.run(ClientHandler.java:48)
	at java.base/java.lang.Thread.run(Thread.java:1474)
2026-05-18 11:09:56 [Thread-0] ERROR server.dao.WalletDAO - Lỗi SQL trong quá trình giao dịch.
org.sqlite.SQLiteException: [SQLITE_ERROR] SQL error or missing database (no such table: Money)
	at org.sqlite.core.DB.newSQLException(DB.java:1182)
	at org.sqlite.core.DB.newSQLException(DB.java:1193)
	at org.sqlite.core.DB.throwex(DB.java:1153)
	at org.sqlite.core.NativeDB.prepare_utf8(Native Method)
	at org.sqlite.core.NativeDB.prepare(NativeDB.java:135)
	at org.sqlite.core.DB.prepare(DB.java:265)
	at org.sqlite.core.CorePreparedStatement.<init>(CorePreparedStatement.java:46)
	at org.sqlite.jdbc3.JDBC3PreparedStatement.<init>(JDBC3PreparedStatement.java:33)
	at org.sqlite.jdbc4.JDBC4PreparedStatement.<init>(JDBC4PreparedStatement.java:28)
	at org.sqlite.jdbc4.JDBC4Connection.prepareStatement(JDBC4Connection.java:34)
	at org.sqlite.jdbc3.JDBC3Connection.prepareStatement(JDBC3Connection.java:225)
	at org.sqlite.jdbc3.JDBC3Connection.prepareStatement(JDBC3Connection.java:205)
	at server.dao.WalletDAO.processTransaction(WalletDAO.java:121)
	at server.ClientHandler.handleDepositWallet(ClientHandler.java:402)
	at server.ClientHandler.handleRequest(ClientHandler.java:109)
	at server.ClientHandler.run(ClientHandler.java:48)
	at java.base/java.lang.Thread.run(Thread.java:1474)
2026-05-18 11:09:56 [Thread-0] ERROR server.dao.WalletDAO - Lỗi lấy lịch sử giao dịch
org.sqlite.SQLiteException: [SQLITE_ERROR] SQL error or missing database (no such table: Money)
	at org.sqlite.core.DB.newSQLException(DB.java:1182)
	at org.sqlite.core.DB.newSQLException(DB.java:1193)
	at org.sqlite.core.DB.throwex(DB.java:1153)
	at org.sqlite.core.NativeDB.prepare_utf8(Native Method)
	at org.sqlite.core.NativeDB.prepare(NativeDB.java:135)
	at org.sqlite.core.DB.prepare(DB.java:265)
	at org.sqlite.core.CorePreparedStatement.<init>(CorePreparedStatement.java:46)
	at org.sqlite.jdbc3.JDBC3PreparedStatement.<init>(JDBC3PreparedStatement.java:33)
	at org.sqlite.jdbc4.JDBC4PreparedStatement.<init>(JDBC4PreparedStatement.java:28)
	at org.sqlite.jdbc4.JDBC4Connection.prepareStatement(JDBC4Connection.java:34)
	at org.sqlite.jdbc3.JDBC3Connection.prepareStatement(JDBC3Connection.java:225)
	at org.sqlite.jdbc3.JDBC3Connection.prepareStatement(JDBC3Connection.java:205)
	at server.dao.WalletDAO.getHistory(WalletDAO.java:48)
	at server.ClientHandler.handleGetWalletHistory(ClientHandler.java:433)
	at server.ClientHandler.handleRequest(ClientHandler.java:115)
	at server.ClientHandler.run(ClientHandler.java:48)
	at java.base/java.lang.Thread.run(Thread.java:1474)
2026-05-18 11:09:59 [Thread-0] ERROR server.dao.WalletDAO - Lỗi SQL trong quá trình giao dịch.
org.sqlite.SQLiteException: [SQLITE_ERROR] SQL error or missing database (no such table: Money)
	at org.sqlite.core.DB.newSQLException(DB.java:1182)
	at org.sqlite.core.DB.newSQLException(DB.java:1193)
	at org.sqlite.core.DB.throwex(DB.java:1153)
	at org.sqlite.core.NativeDB.prepare_utf8(Native Method)
	at org.sqlite.core.NativeDB.prepare(NativeDB.java:135)
	at org.sqlite.core.DB.prepare(DB.java:265)
	at org.sqlite.core.CorePreparedStatement.<init>(CorePreparedStatement.java:46)
	at org.sqlite.jdbc3.JDBC3PreparedStatement.<init>(JDBC3PreparedStatement.java:33)
	at org.sqlite.jdbc4.JDBC4PreparedStatement.<init>(JDBC4PreparedStatement.java:28)
	at org.sqlite.jdbc4.JDBC4Connection.prepareStatement(JDBC4Connection.java:34)
	at org.sqlite.jdbc3.JDBC3Connection.prepareStatement(JDBC3Connection.java:225)
	at org.sqlite.jdbc3.JDBC3Connection.prepareStatement(JDBC3Connection.java:205)
	at server.dao.WalletDAO.processTransaction(WalletDAO.java:121)
	at server.ClientHandler.handleDepositWallet(ClientHandler.java:402)
	at server.ClientHandler.handleRequest(ClientHandler.java:109)
	at server.ClientHandler.run(ClientHandler.java:48)
	at java.base/java.lang.Thread.run(Thread.java:1474)
2026-05-18 11:09:59 [Thread-0] ERROR server.dao.WalletDAO - Lỗi lấy lịch sử giao dịch
org.sqlite.SQLiteException: [SQLITE_ERROR] SQL error or missing database (no such table: Money)
	at org.sqlite.core.DB.newSQLException(DB.java:1182)
	at org.sqlite.core.DB.newSQLException(DB.java:1193)
	at org.sqlite.core.DB.throwex(DB.java:1153)
	at org.sqlite.core.NativeDB.prepare_utf8(Native Method)
	at org.sqlite.core.NativeDB.prepare(NativeDB.java:135)
	at org.sqlite.core.DB.prepare(DB.java:265)
	at org.sqlite.core.CorePreparedStatement.<init>(CorePreparedStatement.java:46)
	at org.sqlite.jdbc3.JDBC3PreparedStatement.<init>(JDBC3PreparedStatement.java:33)
	at org.sqlite.jdbc4.JDBC4PreparedStatement.<init>(JDBC4PreparedStatement.java:28)
	at org.sqlite.jdbc4.JDBC4Connection.prepareStatement(JDBC4Connection.java:34)
	at org.sqlite.jdbc3.JDBC3Connection.prepareStatement(JDBC3Connection.java:225)
	at org.sqlite.jdbc3.JDBC3Connection.prepareStatement(JDBC3Connection.java:205)
	at server.dao.WalletDAO.getHistory(WalletDAO.java:48)
	at server.ClientHandler.handleGetWalletHistory(ClientHandler.java:433)
	at server.ClientHandler.handleRequest(ClientHandler.java:115)
	at server.ClientHandler.run(ClientHandler.java:48)
	at java.base/java.lang.Thread.run(Thread.java:1474)
2026-05-18 11:09:59 [Thread-0] ERROR server.dao.WalletDAO - Lỗi SQL trong quá trình giao dịch.
org.sqlite.SQLiteException: [SQLITE_ERROR] SQL error or missing database (no such table: Money)
	at org.sqlite.core.DB.newSQLException(DB.java:1182)
	at org.sqlite.core.DB.newSQLException(DB.java:1193)
	at org.sqlite.core.DB.throwex(DB.java:1153)
	at org.sqlite.core.NativeDB.prepare_utf8(Native Method)
	at org.sqlite.core.NativeDB.prepare(NativeDB.java:135)
	at org.sqlite.core.DB.prepare(DB.java:265)
	at org.sqlite.core.CorePreparedStatement.<init>(CorePreparedStatement.java:46)
	at org.sqlite.jdbc3.JDBC3PreparedStatement.<init>(JDBC3PreparedStatement.java:33)
	at org.sqlite.jdbc4.JDBC4PreparedStatement.<init>(JDBC4PreparedStatement.java:28)
	at org.sqlite.jdbc4.JDBC4Connection.prepareStatement(JDBC4Connection.java:34)
	at org.sqlite.jdbc3.JDBC3Connection.prepareStatement(JDBC3Connection.java:225)
	at org.sqlite.jdbc3.JDBC3Connection.prepareStatement(JDBC3Connection.java:205)
	at server.dao.WalletDAO.processTransaction(WalletDAO.java:121)
	at server.ClientHandler.handleDepositWallet(ClientHandler.java:402)
	at server.ClientHandler.handleRequest(ClientHandler.java:109)
	at server.ClientHandler.run(ClientHandler.java:48)
	at java.base/java.lang.Thread.run(Thread.java:1474)
2026-05-18 11:09:59 [Thread-0] ERROR server.dao.WalletDAO - Lỗi lấy lịch sử giao dịch
org.sqlite.SQLiteException: [SQLITE_ERROR] SQL error or missing database (no such table: Money)
	at org.sqlite.core.DB.newSQLException(DB.java:1182)
	at org.sqlite.core.DB.newSQLException(DB.java:1193)
	at org.sqlite.core.DB.throwex(DB.java:1153)
	at org.sqlite.core.NativeDB.prepare_utf8(Native Method)
	at org.sqlite.core.NativeDB.prepare(NativeDB.java:135)
	at org.sqlite.core.DB.prepare(DB.java:265)
	at org.sqlite.core.CorePreparedStatement.<init>(CorePreparedStatement.java:46)
	at org.sqlite.jdbc3.JDBC3PreparedStatement.<init>(JDBC3PreparedStatement.java:33)
	at org.sqlite.jdbc4.JDBC4PreparedStatement.<init>(JDBC4PreparedStatement.java:28)
	at org.sqlite.jdbc4.JDBC4Connection.prepareStatement(JDBC4Connection.java:34)
	at org.sqlite.jdbc3.JDBC3Connection.prepareStatement(JDBC3Connection.java:225)
	at org.sqlite.jdbc3.JDBC3Connection.prepareStatement(JDBC3Connection.java:205)
	at server.dao.WalletDAO.getHistory(WalletDAO.java:48)
	at server.ClientHandler.handleGetWalletHistory(ClientHandler.java:433)
	at server.ClientHandler.handleRequest(ClientHandler.java:115)
	at server.ClientHandler.run(ClientHandler.java:48)
	at java.base/java.lang.Thread.run(Thread.java:1474)
2026-05-18 11:10:00 [Thread-0] ERROR server.dao.WalletDAO - Lỗi SQL trong quá trình giao dịch.
org.sqlite.SQLiteException: [SQLITE_ERROR] SQL error or missing database (no such table: Money)
	at org.sqlite.core.DB.newSQLException(DB.java:1182)
	at org.sqlite.core.DB.newSQLException(DB.java:1193)
	at org.sqlite.core.DB.throwex(DB.java:1153)
	at org.sqlite.core.NativeDB.prepare_utf8(Native Method)
	at org.sqlite.core.NativeDB.prepare(NativeDB.java:135)
	at org.sqlite.core.DB.prepare(DB.java:265)
	at org.sqlite.core.CorePreparedStatement.<init>(CorePreparedStatement.java:46)
	at org.sqlite.jdbc3.JDBC3PreparedStatement.<init>(JDBC3PreparedStatement.java:33)
	at org.sqlite.jdbc4.JDBC4PreparedStatement.<init>(JDBC4PreparedStatement.java:28)
	at org.sqlite.jdbc4.JDBC4Connection.prepareStatement(JDBC4Connection.java:34)
	at org.sqlite.jdbc3.JDBC3Connection.prepareStatement(JDBC3Connection.java:225)
	at org.sqlite.jdbc3.JDBC3Connection.prepareStatement(JDBC3Connection.java:205)
	at server.dao.WalletDAO.processTransaction(WalletDAO.java:121)
	at server.ClientHandler.handleDepositWallet(ClientHandler.java:402)
	at server.ClientHandler.handleRequest(ClientHandler.java:109)
	at server.ClientHandler.run(ClientHandler.java:48)
	at java.base/java.lang.Thread.run(Thread.java:1474)
2026-05-18 11:10:00 [Thread-0] ERROR server.dao.WalletDAO - Lỗi lấy lịch sử giao dịch
org.sqlite.SQLiteException: [SQLITE_ERROR] SQL error or missing database (no such table: Money)
	at org.sqlite.core.DB.newSQLException(DB.java:1182)
	at org.sqlite.core.DB.newSQLException(DB.java:1193)
	at org.sqlite.core.DB.throwex(DB.java:1153)
	at org.sqlite.core.NativeDB.prepare_utf8(Native Method)
	at org.sqlite.core.NativeDB.prepare(NativeDB.java:135)
	at org.sqlite.core.DB.prepare(DB.java:265)
	at org.sqlite.core.CorePreparedStatement.<init>(CorePreparedStatement.java:46)
	at org.sqlite.jdbc3.JDBC3PreparedStatement.<init>(JDBC3PreparedStatement.java:33)
	at org.sqlite.jdbc4.JDBC4PreparedStatement.<init>(JDBC4PreparedStatement.java:28)
	at org.sqlite.jdbc4.JDBC4Connection.prepareStatement(JDBC4Connection.java:34)
	at org.sqlite.jdbc3.JDBC3Connection.prepareStatement(JDBC3Connection.java:225)
	at org.sqlite.jdbc3.JDBC3Connection.prepareStatement(JDBC3Connection.java:205)
	at server.dao.WalletDAO.getHistory(WalletDAO.java:48)
	at server.ClientHandler.handleGetWalletHistory(ClientHandler.java:433)
	at server.ClientHandler.handleRequest(ClientHandler.java:115)
	at server.ClientHandler.run(ClientHandler.java:48)
	at java.base/java.lang.Thread.run(Thread.java:1474)
2026-05-18 11:23:40 [main] INFO  server.dao.ConnectDatabase - Kết nối database thành công
2026-05-18 11:23:40 [main] INFO  server.AppServer - [SERVER] Kết nối database thành công
2026-05-18 11:23:40 [main] INFO  server.AppServer - [SERVER] Server đấu giá đang chạy trên port 8080...
2026-05-18 11:24:14 [Thread-0] INFO  server.dao.UserDAO - Người dùng John xác thực thành công
2026-05-18 11:24:17 [Thread-0] ERROR server.dao.WalletDAO - Lỗi lấy lịch sử giao dịch
org.sqlite.SQLiteException: [SQLITE_ERROR] SQL error or missing database (no such table: Money)
	at org.sqlite.core.DB.newSQLException(DB.java:1182)
	at org.sqlite.core.DB.newSQLException(DB.java:1193)
	at org.sqlite.core.DB.throwex(DB.java:1153)
	at org.sqlite.core.NativeDB.prepare_utf8(Native Method)
	at org.sqlite.core.NativeDB.prepare(NativeDB.java:135)
	at org.sqlite.core.DB.prepare(DB.java:265)
	at org.sqlite.core.CorePreparedStatement.<init>(CorePreparedStatement.java:46)
	at org.sqlite.jdbc3.JDBC3PreparedStatement.<init>(JDBC3PreparedStatement.java:33)
	at org.sqlite.jdbc4.JDBC4PreparedStatement.<init>(JDBC4PreparedStatement.java:28)
	at org.sqlite.jdbc4.JDBC4Connection.prepareStatement(JDBC4Connection.java:34)
	at org.sqlite.jdbc3.JDBC3Connection.prepareStatement(JDBC3Connection.java:225)
	at org.sqlite.jdbc3.JDBC3Connection.prepareStatement(JDBC3Connection.java:205)
	at server.dao.WalletDAO.getHistory(WalletDAO.java:48)
	at server.ClientHandler.handleGetWalletHistory(ClientHandler.java:433)
	at server.ClientHandler.handleRequest(ClientHandler.java:115)
	at server.ClientHandler.run(ClientHandler.java:48)
	at java.base/java.lang.Thread.run(Thread.java:1474)
2026-05-18 11:24:25 [Thread-0] ERROR server.dao.WalletDAO - Lỗi SQL trong quá trình giao dịch.
org.sqlite.SQLiteException: [SQLITE_ERROR] SQL error or missing database (no such table: Money)
	at org.sqlite.core.DB.newSQLException(DB.java:1182)
	at org.sqlite.core.DB.newSQLException(DB.java:1193)
	at org.sqlite.core.DB.throwex(DB.java:1153)
	at org.sqlite.core.NativeDB.prepare_utf8(Native Method)
	at org.sqlite.core.NativeDB.prepare(NativeDB.java:135)
	at org.sqlite.core.DB.prepare(DB.java:265)
	at org.sqlite.core.CorePreparedStatement.<init>(CorePreparedStatement.java:46)
	at org.sqlite.jdbc3.JDBC3PreparedStatement.<init>(JDBC3PreparedStatement.java:33)
	at org.sqlite.jdbc4.JDBC4PreparedStatement.<init>(JDBC4PreparedStatement.java:28)
	at org.sqlite.jdbc4.JDBC4Connection.prepareStatement(JDBC4Connection.java:34)
	at org.sqlite.jdbc3.JDBC3Connection.prepareStatement(JDBC3Connection.java:225)
	at org.sqlite.jdbc3.JDBC3Connection.prepareStatement(JDBC3Connection.java:205)
	at server.dao.WalletDAO.processTransaction(WalletDAO.java:121)
	at server.ClientHandler.handleDepositWallet(ClientHandler.java:402)
	at server.ClientHandler.handleRequest(ClientHandler.java:109)
	at server.ClientHandler.run(ClientHandler.java:48)
	at java.base/java.lang.Thread.run(Thread.java:1474)
2026-05-18 11:24:25 [Thread-0] ERROR server.dao.WalletDAO - Lỗi lấy lịch sử giao dịch
org.sqlite.SQLiteException: [SQLITE_ERROR] SQL error or missing database (no such table: Money)
	at org.sqlite.core.DB.newSQLException(DB.java:1182)
	at org.sqlite.core.DB.newSQLException(DB.java:1193)
	at org.sqlite.core.DB.throwex(DB.java:1153)
	at org.sqlite.core.NativeDB.prepare_utf8(Native Method)
	at org.sqlite.core.NativeDB.prepare(NativeDB.java:135)
	at org.sqlite.core.DB.prepare(DB.java:265)
	at org.sqlite.core.CorePreparedStatement.<init>(CorePreparedStatement.java:46)
	at org.sqlite.jdbc3.JDBC3PreparedStatement.<init>(JDBC3PreparedStatement.java:33)
	at org.sqlite.jdbc4.JDBC4PreparedStatement.<init>(JDBC4PreparedStatement.java:28)
	at org.sqlite.jdbc4.JDBC4Connection.prepareStatement(JDBC4Connection.java:34)
	at org.sqlite.jdbc3.JDBC3Connection.prepareStatement(JDBC3Connection.java:225)
	at org.sqlite.jdbc3.JDBC3Connection.prepareStatement(JDBC3Connection.java:205)
	at server.dao.WalletDAO.getHistory(WalletDAO.java:48)
	at server.ClientHandler.handleGetWalletHistory(ClientHandler.java:433)
	at server.ClientHandler.handleRequest(ClientHandler.java:115)
	at server.ClientHandler.run(ClientHandler.java:48)
	at java.base/java.lang.Thread.run(Thread.java:1474)
2026-05-18 11:24:33 [Thread-0] ERROR server.dao.WalletDAO - Lỗi SQL trong quá trình giao dịch.
org.sqlite.SQLiteException: [SQLITE_ERROR] SQL error or missing database (no such table: Money)
	at org.sqlite.core.DB.newSQLException(DB.java:1182)
	at org.sqlite.core.DB.newSQLException(DB.java:1193)
	at org.sqlite.core.DB.throwex(DB.java:1153)
	at org.sqlite.core.NativeDB.prepare_utf8(Native Method)
	at org.sqlite.core.NativeDB.prepare(NativeDB.java:135)
	at org.sqlite.core.DB.prepare(DB.java:265)
	at org.sqlite.core.CorePreparedStatement.<init>(CorePreparedStatement.java:46)
	at org.sqlite.jdbc3.JDBC3PreparedStatement.<init>(JDBC3PreparedStatement.java:33)
	at org.sqlite.jdbc4.JDBC4PreparedStatement.<init>(JDBC4PreparedStatement.java:28)
	at org.sqlite.jdbc4.JDBC4Connection.prepareStatement(JDBC4Connection.java:34)
	at org.sqlite.jdbc3.JDBC3Connection.prepareStatement(JDBC3Connection.java:225)
	at org.sqlite.jdbc3.JDBC3Connection.prepareStatement(JDBC3Connection.java:205)
	at server.dao.WalletDAO.processTransaction(WalletDAO.java:121)
	at server.ClientHandler.handleDepositWallet(ClientHandler.java:402)
	at server.ClientHandler.handleRequest(ClientHandler.java:109)
	at server.ClientHandler.run(ClientHandler.java:48)
	at java.base/java.lang.Thread.run(Thread.java:1474)
2026-05-18 11:24:33 [Thread-0] ERROR server.dao.WalletDAO - Lỗi lấy lịch sử giao dịch
org.sqlite.SQLiteException: [SQLITE_ERROR] SQL error or missing database (no such table: Money)
	at org.sqlite.core.DB.newSQLException(DB.java:1182)
	at org.sqlite.core.DB.newSQLException(DB.java:1193)
	at org.sqlite.core.DB.throwex(DB.java:1153)
	at org.sqlite.core.NativeDB.prepare_utf8(Native Method)
	at org.sqlite.core.NativeDB.prepare(NativeDB.java:135)
	at org.sqlite.core.DB.prepare(DB.java:265)
	at org.sqlite.core.CorePreparedStatement.<init>(CorePreparedStatement.java:46)
	at org.sqlite.jdbc3.JDBC3PreparedStatement.<init>(JDBC3PreparedStatement.java:33)
	at org.sqlite.jdbc4.JDBC4PreparedStatement.<init>(JDBC4PreparedStatement.java:28)
	at org.sqlite.jdbc4.JDBC4Connection.prepareStatement(JDBC4Connection.java:34)
	at org.sqlite.jdbc3.JDBC3Connection.prepareStatement(JDBC3Connection.java:225)
	at org.sqlite.jdbc3.JDBC3Connection.prepareStatement(JDBC3Connection.java:205)
	at server.dao.WalletDAO.getHistory(WalletDAO.java:48)
	at server.ClientHandler.handleGetWalletHistory(ClientHandler.java:433)
	at server.ClientHandler.handleRequest(ClientHandler.java:115)
	at server.ClientHandler.run(ClientHandler.java:48)
	at java.base/java.lang.Thread.run(Thread.java:1474)
2026-05-18 11:24:36 [Thread-0] ERROR server.dao.WalletDAO - Lỗi SQL trong quá trình giao dịch.
org.sqlite.SQLiteException: [SQLITE_ERROR] SQL error or missing database (no such table: Money)
	at org.sqlite.core.DB.newSQLException(DB.java:1182)
	at org.sqlite.core.DB.newSQLException(DB.java:1193)
	at org.sqlite.core.DB.throwex(DB.java:1153)
	at org.sqlite.core.NativeDB.prepare_utf8(Native Method)
	at org.sqlite.core.NativeDB.prepare(NativeDB.java:135)
	at org.sqlite.core.DB.prepare(DB.java:265)
	at org.sqlite.core.CorePreparedStatement.<init>(CorePreparedStatement.java:46)
	at org.sqlite.jdbc3.JDBC3PreparedStatement.<init>(JDBC3PreparedStatement.java:33)
	at org.sqlite.jdbc4.JDBC4PreparedStatement.<init>(JDBC4PreparedStatement.java:28)
	at org.sqlite.jdbc4.JDBC4Connection.prepareStatement(JDBC4Connection.java:34)
	at org.sqlite.jdbc3.JDBC3Connection.prepareStatement(JDBC3Connection.java:225)
	at org.sqlite.jdbc3.JDBC3Connection.prepareStatement(JDBC3Connection.java:205)
	at server.dao.WalletDAO.processTransaction(WalletDAO.java:121)
	at server.ClientHandler.handleDepositWallet(ClientHandler.java:402)
	at server.ClientHandler.handleRequest(ClientHandler.java:109)
	at server.ClientHandler.run(ClientHandler.java:48)
	at java.base/java.lang.Thread.run(Thread.java:1474)
2026-05-18 11:24:36 [Thread-0] ERROR server.dao.WalletDAO - Lỗi lấy lịch sử giao dịch
org.sqlite.SQLiteException: [SQLITE_ERROR] SQL error or missing database (no such table: Money)
	at org.sqlite.core.DB.newSQLException(DB.java:1182)
	at org.sqlite.core.DB.newSQLException(DB.java:1193)
	at org.sqlite.core.DB.throwex(DB.java:1153)
	at org.sqlite.core.NativeDB.prepare_utf8(Native Method)
	at org.sqlite.core.NativeDB.prepare(NativeDB.java:135)
	at org.sqlite.core.DB.prepare(DB.java:265)
	at org.sqlite.core.CorePreparedStatement.<init>(CorePreparedStatement.java:46)
	at org.sqlite.jdbc3.JDBC3PreparedStatement.<init>(JDBC3PreparedStatement.java:33)
	at org.sqlite.jdbc4.JDBC4PreparedStatement.<init>(JDBC4PreparedStatement.java:28)
	at org.sqlite.jdbc4.JDBC4Connection.prepareStatement(JDBC4Connection.java:34)
	at org.sqlite.jdbc3.JDBC3Connection.prepareStatement(JDBC3Connection.java:225)
	at org.sqlite.jdbc3.JDBC3Connection.prepareStatement(JDBC3Connection.java:205)
	at server.dao.WalletDAO.getHistory(WalletDAO.java:48)
	at server.ClientHandler.handleGetWalletHistory(ClientHandler.java:433)
	at server.ClientHandler.handleRequest(ClientHandler.java:115)
	at server.ClientHandler.run(ClientHandler.java:48)
	at java.base/java.lang.Thread.run(Thread.java:1474)
2026-05-18 11:24:36 [Thread-0] ERROR server.dao.WalletDAO - Lỗi SQL trong quá trình giao dịch.
org.sqlite.SQLiteException: [SQLITE_ERROR] SQL error or missing database (no such table: Money)
	at org.sqlite.core.DB.newSQLException(DB.java:1182)
	at org.sqlite.core.DB.newSQLException(DB.java:1193)
	at org.sqlite.core.DB.throwex(DB.java:1153)
	at org.sqlite.core.NativeDB.prepare_utf8(Native Method)
	at org.sqlite.core.NativeDB.prepare(NativeDB.java:135)
	at org.sqlite.core.DB.prepare(DB.java:265)
	at org.sqlite.core.CorePreparedStatement.<init>(CorePreparedStatement.java:46)
	at org.sqlite.jdbc3.JDBC3PreparedStatement.<init>(JDBC3PreparedStatement.java:33)
	at org.sqlite.jdbc4.JDBC4PreparedStatement.<init>(JDBC4PreparedStatement.java:28)
	at org.sqlite.jdbc4.JDBC4Connection.prepareStatement(JDBC4Connection.java:34)
	at org.sqlite.jdbc3.JDBC3Connection.prepareStatement(JDBC3Connection.java:225)
	at org.sqlite.jdbc3.JDBC3Connection.prepareStatement(JDBC3Connection.java:205)
	at server.dao.WalletDAO.processTransaction(WalletDAO.java:121)
	at server.ClientHandler.handleDepositWallet(ClientHandler.java:402)
	at server.ClientHandler.handleRequest(ClientHandler.java:109)
	at server.ClientHandler.run(ClientHandler.java:48)
	at java.base/java.lang.Thread.run(Thread.java:1474)
2026-05-18 11:24:36 [Thread-0] ERROR server.dao.WalletDAO - Lỗi lấy lịch sử giao dịch
org.sqlite.SQLiteException: [SQLITE_ERROR] SQL error or missing database (no such table: Money)
	at org.sqlite.core.DB.newSQLException(DB.java:1182)
	at org.sqlite.core.DB.newSQLException(DB.java:1193)
	at org.sqlite.core.DB.throwex(DB.java:1153)
	at org.sqlite.core.NativeDB.prepare_utf8(Native Method)
	at org.sqlite.core.NativeDB.prepare(NativeDB.java:135)
	at org.sqlite.core.DB.prepare(DB.java:265)
	at org.sqlite.core.CorePreparedStatement.<init>(CorePreparedStatement.java:46)
	at org.sqlite.jdbc3.JDBC3PreparedStatement.<init>(JDBC3PreparedStatement.java:33)
	at org.sqlite.jdbc4.JDBC4PreparedStatement.<init>(JDBC4PreparedStatement.java:28)
	at org.sqlite.jdbc4.JDBC4Connection.prepareStatement(JDBC4Connection.java:34)
	at org.sqlite.jdbc3.JDBC3Connection.prepareStatement(JDBC3Connection.java:225)
	at org.sqlite.jdbc3.JDBC3Connection.prepareStatement(JDBC3Connection.java:205)
	at server.dao.WalletDAO.getHistory(WalletDAO.java:48)
	at server.ClientHandler.handleGetWalletHistory(ClientHandler.java:433)
	at server.ClientHandler.handleRequest(ClientHandler.java:115)
	at server.ClientHandler.run(ClientHandler.java:48)
	at java.base/java.lang.Thread.run(Thread.java:1474)
2026-05-18 11:24:36 [Thread-0] ERROR server.dao.WalletDAO - Lỗi SQL trong quá trình giao dịch.
org.sqlite.SQLiteException: [SQLITE_ERROR] SQL error or missing database (no such table: Money)
	at org.sqlite.core.DB.newSQLException(DB.java:1182)
	at org.sqlite.core.DB.newSQLException(DB.java:1193)
	at org.sqlite.core.DB.throwex(DB.java:1153)
	at org.sqlite.core.NativeDB.prepare_utf8(Native Method)
	at org.sqlite.core.NativeDB.prepare(NativeDB.java:135)
	at org.sqlite.core.DB.prepare(DB.java:265)
	at org.sqlite.core.CorePreparedStatement.<init>(CorePreparedStatement.java:46)
	at org.sqlite.jdbc3.JDBC3PreparedStatement.<init>(JDBC3PreparedStatement.java:33)
	at org.sqlite.jdbc4.JDBC4PreparedStatement.<init>(JDBC4PreparedStatement.java:28)
	at org.sqlite.jdbc4.JDBC4Connection.prepareStatement(JDBC4Connection.java:34)
	at org.sqlite.jdbc3.JDBC3Connection.prepareStatement(JDBC3Connection.java:225)
	at org.sqlite.jdbc3.JDBC3Connection.prepareStatement(JDBC3Connection.java:205)
	at server.dao.WalletDAO.processTransaction(WalletDAO.java:121)
	at server.ClientHandler.handleDepositWallet(ClientHandler.java:402)
	at server.ClientHandler.handleRequest(ClientHandler.java:109)
	at server.ClientHandler.run(ClientHandler.java:48)
	at java.base/java.lang.Thread.run(Thread.java:1474)
2026-05-18 11:24:36 [Thread-0] ERROR server.dao.WalletDAO - Lỗi lấy lịch sử giao dịch
org.sqlite.SQLiteException: [SQLITE_ERROR] SQL error or missing database (no such table: Money)
	at org.sqlite.core.DB.newSQLException(DB.java:1182)
	at org.sqlite.core.DB.newSQLException(DB.java:1193)
	at org.sqlite.core.DB.throwex(DB.java:1153)
	at org.sqlite.core.NativeDB.prepare_utf8(Native Method)
	at org.sqlite.core.NativeDB.prepare(NativeDB.java:135)
	at org.sqlite.core.DB.prepare(DB.java:265)
	at org.sqlite.core.CorePreparedStatement.<init>(CorePreparedStatement.java:46)
	at org.sqlite.jdbc3.JDBC3PreparedStatement.<init>(JDBC3PreparedStatement.java:33)
	at org.sqlite.jdbc4.JDBC4PreparedStatement.<init>(JDBC4PreparedStatement.java:28)
	at org.sqlite.jdbc4.JDBC4Connection.prepareStatement(JDBC4Connection.java:34)
	at org.sqlite.jdbc3.JDBC3Connection.prepareStatement(JDBC3Connection.java:225)
	at org.sqlite.jdbc3.JDBC3Connection.prepareStatement(JDBC3Connection.java:205)
	at server.dao.WalletDAO.getHistory(WalletDAO.java:48)
	at server.ClientHandler.handleGetWalletHistory(ClientHandler.java:433)
	at server.ClientHandler.handleRequest(ClientHandler.java:115)
	at server.ClientHandler.run(ClientHandler.java:48)
	at java.base/java.lang.Thread.run(Thread.java:1474)
2026-05-18 11:24:36 [Thread-0] ERROR server.dao.WalletDAO - Lỗi SQL trong quá trình giao dịch.
org.sqlite.SQLiteException: [SQLITE_ERROR] SQL error or missing database (no such table: Money)
	at org.sqlite.core.DB.newSQLException(DB.java:1182)
	at org.sqlite.core.DB.newSQLException(DB.java:1193)
	at org.sqlite.core.DB.throwex(DB.java:1153)
	at org.sqlite.core.NativeDB.prepare_utf8(Native Method)
	at org.sqlite.core.NativeDB.prepare(NativeDB.java:135)
	at org.sqlite.core.DB.prepare(DB.java:265)
	at org.sqlite.core.CorePreparedStatement.<init>(CorePreparedStatement.java:46)
	at org.sqlite.jdbc3.JDBC3PreparedStatement.<init>(JDBC3PreparedStatement.java:33)
	at org.sqlite.jdbc4.JDBC4PreparedStatement.<init>(JDBC4PreparedStatement.java:28)
	at org.sqlite.jdbc4.JDBC4Connection.prepareStatement(JDBC4Connection.java:34)
	at org.sqlite.jdbc3.JDBC3Connection.prepareStatement(JDBC3Connection.java:225)
	at org.sqlite.jdbc3.JDBC3Connection.prepareStatement(JDBC3Connection.java:205)
	at server.dao.WalletDAO.processTransaction(WalletDAO.java:121)
	at server.ClientHandler.handleDepositWallet(ClientHandler.java:402)
	at server.ClientHandler.handleRequest(ClientHandler.java:109)
	at server.ClientHandler.run(ClientHandler.java:48)
	at java.base/java.lang.Thread.run(Thread.java:1474)
2026-05-18 11:24:36 [Thread-0] ERROR server.dao.WalletDAO - Lỗi lấy lịch sử giao dịch
org.sqlite.SQLiteException: [SQLITE_ERROR] SQL error or missing database (no such table: Money)
	at org.sqlite.core.DB.newSQLException(DB.java:1182)
	at org.sqlite.core.DB.newSQLException(DB.java:1193)
	at org.sqlite.core.DB.throwex(DB.java:1153)
	at org.sqlite.core.NativeDB.prepare_utf8(Native Method)
	at org.sqlite.core.NativeDB.prepare(NativeDB.java:135)
	at org.sqlite.core.DB.prepare(DB.java:265)
	at org.sqlite.core.CorePreparedStatement.<init>(CorePreparedStatement.java:46)
	at org.sqlite.jdbc3.JDBC3PreparedStatement.<init>(JDBC3PreparedStatement.java:33)
	at org.sqlite.jdbc4.JDBC4PreparedStatement.<init>(JDBC4PreparedStatement.java:28)
	at org.sqlite.jdbc4.JDBC4Connection.prepareStatement(JDBC4Connection.java:34)
	at org.sqlite.jdbc3.JDBC3Connection.prepareStatement(JDBC3Connection.java:225)
	at org.sqlite.jdbc3.JDBC3Connection.prepareStatement(JDBC3Connection.java:205)
	at server.dao.WalletDAO.getHistory(WalletDAO.java:48)
	at server.ClientHandler.handleGetWalletHistory(ClientHandler.java:433)
	at server.ClientHandler.handleRequest(ClientHandler.java:115)
	at server.ClientHandler.run(ClientHandler.java:48)
	at java.base/java.lang.Thread.run(Thread.java:1474)
2026-05-18 11:24:36 [Thread-0] ERROR server.dao.WalletDAO - Lỗi SQL trong quá trình giao dịch.
org.sqlite.SQLiteException: [SQLITE_ERROR] SQL error or missing database (no such table: Money)
	at org.sqlite.core.DB.newSQLException(DB.java:1182)
	at org.sqlite.core.DB.newSQLException(DB.java:1193)
	at org.sqlite.core.DB.throwex(DB.java:1153)
	at org.sqlite.core.NativeDB.prepare_utf8(Native Method)
	at org.sqlite.core.NativeDB.prepare(NativeDB.java:135)
	at org.sqlite.core.DB.prepare(DB.java:265)
	at org.sqlite.core.CorePreparedStatement.<init>(CorePreparedStatement.java:46)
	at org.sqlite.jdbc3.JDBC3PreparedStatement.<init>(JDBC3PreparedStatement.java:33)
	at org.sqlite.jdbc4.JDBC4PreparedStatement.<init>(JDBC4PreparedStatement.java:28)
	at org.sqlite.jdbc4.JDBC4Connection.prepareStatement(JDBC4Connection.java:34)
	at org.sqlite.jdbc3.JDBC3Connection.prepareStatement(JDBC3Connection.java:225)
	at org.sqlite.jdbc3.JDBC3Connection.prepareStatement(JDBC3Connection.java:205)
	at server.dao.WalletDAO.processTransaction(WalletDAO.java:121)
	at server.ClientHandler.handleDepositWallet(ClientHandler.java:402)
	at server.ClientHandler.handleRequest(ClientHandler.java:109)
	at server.ClientHandler.run(ClientHandler.java:48)
	at java.base/java.lang.Thread.run(Thread.java:1474)
2026-05-18 11:24:36 [Thread-0] ERROR server.dao.WalletDAO - Lỗi lấy lịch sử giao dịch
org.sqlite.SQLiteException: [SQLITE_ERROR] SQL error or missing database (no such table: Money)
	at org.sqlite.core.DB.newSQLException(DB.java:1182)
	at org.sqlite.core.DB.newSQLException(DB.java:1193)
	at org.sqlite.core.DB.throwex(DB.java:1153)
	at org.sqlite.core.NativeDB.prepare_utf8(Native Method)
	at org.sqlite.core.NativeDB.prepare(NativeDB.java:135)
	at org.sqlite.core.DB.prepare(DB.java:265)
	at org.sqlite.core.CorePreparedStatement.<init>(CorePreparedStatement.java:46)
	at org.sqlite.jdbc3.JDBC3PreparedStatement.<init>(JDBC3PreparedStatement.java:33)
	at org.sqlite.jdbc4.JDBC4PreparedStatement.<init>(JDBC4PreparedStatement.java:28)
	at org.sqlite.jdbc4.JDBC4Connection.prepareStatement(JDBC4Connection.java:34)
	at org.sqlite.jdbc3.JDBC3Connection.prepareStatement(JDBC3Connection.java:225)
	at org.sqlite.jdbc3.JDBC3Connection.prepareStatement(JDBC3Connection.java:205)
	at server.dao.WalletDAO.getHistory(WalletDAO.java:48)
	at server.ClientHandler.handleGetWalletHistory(ClientHandler.java:433)
	at server.ClientHandler.handleRequest(ClientHandler.java:115)
	at server.ClientHandler.run(ClientHandler.java:48)
	at java.base/java.lang.Thread.run(Thread.java:1474)
2026-05-18 11:26:37 [Thread-0] ERROR server.dao.WalletDAO - Lỗi SQL trong quá trình giao dịch.
org.sqlite.SQLiteException: [SQLITE_ERROR] SQL error or missing database (no such table: Money)
	at org.sqlite.core.DB.newSQLException(DB.java:1182)
	at org.sqlite.core.DB.newSQLException(DB.java:1193)
	at org.sqlite.core.DB.throwex(DB.java:1153)
	at org.sqlite.core.NativeDB.prepare_utf8(Native Method)
	at org.sqlite.core.NativeDB.prepare(NativeDB.java:135)
	at org.sqlite.core.DB.prepare(DB.java:265)
	at org.sqlite.core.CorePreparedStatement.<init>(CorePreparedStatement.java:46)
	at org.sqlite.jdbc3.JDBC3PreparedStatement.<init>(JDBC3PreparedStatement.java:33)
	at org.sqlite.jdbc4.JDBC4PreparedStatement.<init>(JDBC4PreparedStatement.java:28)
	at org.sqlite.jdbc4.JDBC4Connection.prepareStatement(JDBC4Connection.java:34)
	at org.sqlite.jdbc3.JDBC3Connection.prepareStatement(JDBC3Connection.java:225)
	at org.sqlite.jdbc3.JDBC3Connection.prepareStatement(JDBC3Connection.java:205)
	at server.dao.WalletDAO.processTransaction(WalletDAO.java:121)
	at server.ClientHandler.handleDepositWallet(ClientHandler.java:402)
	at server.ClientHandler.handleRequest(ClientHandler.java:109)
	at server.ClientHandler.run(ClientHandler.java:48)
	at java.base/java.lang.Thread.run(Thread.java:1474)
2026-05-18 11:26:37 [Thread-0] ERROR server.dao.WalletDAO - Lỗi lấy lịch sử giao dịch
org.sqlite.SQLiteException: [SQLITE_ERROR] SQL error or missing database (no such table: Money)
	at org.sqlite.core.DB.newSQLException(DB.java:1182)
	at org.sqlite.core.DB.newSQLException(DB.java:1193)
	at org.sqlite.core.DB.throwex(DB.java:1153)
	at org.sqlite.core.NativeDB.prepare_utf8(Native Method)
	at org.sqlite.core.NativeDB.prepare(NativeDB.java:135)
	at org.sqlite.core.DB.prepare(DB.java:265)
	at org.sqlite.core.CorePreparedStatement.<init>(CorePreparedStatement.java:46)
	at org.sqlite.jdbc3.JDBC3PreparedStatement.<init>(JDBC3PreparedStatement.java:33)
	at org.sqlite.jdbc4.JDBC4PreparedStatement.<init>(JDBC4PreparedStatement.java:28)
	at org.sqlite.jdbc4.JDBC4Connection.prepareStatement(JDBC4Connection.java:34)
	at org.sqlite.jdbc3.JDBC3Connection.prepareStatement(JDBC3Connection.java:225)
	at org.sqlite.jdbc3.JDBC3Connection.prepareStatement(JDBC3Connection.java:205)
	at server.dao.WalletDAO.getHistory(WalletDAO.java:48)
	at server.ClientHandler.handleGetWalletHistory(ClientHandler.java:433)
	at server.ClientHandler.handleRequest(ClientHandler.java:115)
	at server.ClientHandler.run(ClientHandler.java:48)
	at java.base/java.lang.Thread.run(Thread.java:1474)
2026-05-18 11:26:37 [Thread-0] ERROR server.dao.WalletDAO - Lỗi SQL trong quá trình giao dịch.
org.sqlite.SQLiteException: [SQLITE_ERROR] SQL error or missing database (no such table: Money)
	at org.sqlite.core.DB.newSQLException(DB.java:1182)
	at org.sqlite.core.DB.newSQLException(DB.java:1193)
	at org.sqlite.core.DB.throwex(DB.java:1153)
	at org.sqlite.core.NativeDB.prepare_utf8(Native Method)
	at org.sqlite.core.NativeDB.prepare(NativeDB.java:135)
	at org.sqlite.core.DB.prepare(DB.java:265)
	at org.sqlite.core.CorePreparedStatement.<init>(CorePreparedStatement.java:46)
	at org.sqlite.jdbc3.JDBC3PreparedStatement.<init>(JDBC3PreparedStatement.java:33)
	at org.sqlite.jdbc4.JDBC4PreparedStatement.<init>(JDBC4PreparedStatement.java:28)
	at org.sqlite.jdbc4.JDBC4Connection.prepareStatement(JDBC4Connection.java:34)
	at org.sqlite.jdbc3.JDBC3Connection.prepareStatement(JDBC3Connection.java:225)
	at org.sqlite.jdbc3.JDBC3Connection.prepareStatement(JDBC3Connection.java:205)
	at server.dao.WalletDAO.processTransaction(WalletDAO.java:121)
	at server.ClientHandler.handleDepositWallet(ClientHandler.java:402)
	at server.ClientHandler.handleRequest(ClientHandler.java:109)
	at server.ClientHandler.run(ClientHandler.java:48)
	at java.base/java.lang.Thread.run(Thread.java:1474)
2026-05-18 11:26:37 [Thread-0] ERROR server.dao.WalletDAO - Lỗi lấy lịch sử giao dịch
org.sqlite.SQLiteException: [SQLITE_ERROR] SQL error or missing database (no such table: Money)
	at org.sqlite.core.DB.newSQLException(DB.java:1182)
	at org.sqlite.core.DB.newSQLException(DB.java:1193)
	at org.sqlite.core.DB.throwex(DB.java:1153)
	at org.sqlite.core.NativeDB.prepare_utf8(Native Method)
	at org.sqlite.core.NativeDB.prepare(NativeDB.java:135)
	at org.sqlite.core.DB.prepare(DB.java:265)
	at org.sqlite.core.CorePreparedStatement.<init>(CorePreparedStatement.java:46)
	at org.sqlite.jdbc3.JDBC3PreparedStatement.<init>(JDBC3PreparedStatement.java:33)
	at org.sqlite.jdbc4.JDBC4PreparedStatement.<init>(JDBC4PreparedStatement.java:28)
	at org.sqlite.jdbc4.JDBC4Connection.prepareStatement(JDBC4Connection.java:34)
	at org.sqlite.jdbc3.JDBC3Connection.prepareStatement(JDBC3Connection.java:225)
	at org.sqlite.jdbc3.JDBC3Connection.prepareStatement(JDBC3Connection.java:205)
	at server.dao.WalletDAO.getHistory(WalletDAO.java:48)
	at server.ClientHandler.handleGetWalletHistory(ClientHandler.java:433)
	at server.ClientHandler.handleRequest(ClientHandler.java:115)
	at server.ClientHandler.run(ClientHandler.java:48)
	at java.base/java.lang.Thread.run(Thread.java:1474)
2026-05-18 11:26:38 [Thread-0] ERROR server.dao.WalletDAO - Lỗi SQL trong quá trình giao dịch.
org.sqlite.SQLiteException: [SQLITE_ERROR] SQL error or missing database (no such table: Money)
	at org.sqlite.core.DB.newSQLException(DB.java:1182)
	at org.sqlite.core.DB.newSQLException(DB.java:1193)
	at org.sqlite.core.DB.throwex(DB.java:1153)
	at org.sqlite.core.NativeDB.prepare_utf8(Native Method)
	at org.sqlite.core.NativeDB.prepare(NativeDB.java:135)
	at org.sqlite.core.DB.prepare(DB.java:265)
	at org.sqlite.core.CorePreparedStatement.<init>(CorePreparedStatement.java:46)
	at org.sqlite.jdbc3.JDBC3PreparedStatement.<init>(JDBC3PreparedStatement.java:33)
	at org.sqlite.jdbc4.JDBC4PreparedStatement.<init>(JDBC4PreparedStatement.java:28)
	at org.sqlite.jdbc4.JDBC4Connection.prepareStatement(JDBC4Connection.java:34)
	at org.sqlite.jdbc3.JDBC3Connection.prepareStatement(JDBC3Connection.java:225)
	at org.sqlite.jdbc3.JDBC3Connection.prepareStatement(JDBC3Connection.java:205)
	at server.dao.WalletDAO.processTransaction(WalletDAO.java:121)
	at server.ClientHandler.handleDepositWallet(ClientHandler.java:402)
	at server.ClientHandler.handleRequest(ClientHandler.java:109)
	at server.ClientHandler.run(ClientHandler.java:48)
	at java.base/java.lang.Thread.run(Thread.java:1474)
2026-05-18 11:26:38 [Thread-0] ERROR server.dao.WalletDAO - Lỗi lấy lịch sử giao dịch
org.sqlite.SQLiteException: [SQLITE_ERROR] SQL error or missing database (no such table: Money)
	at org.sqlite.core.DB.newSQLException(DB.java:1182)
	at org.sqlite.core.DB.newSQLException(DB.java:1193)
	at org.sqlite.core.DB.throwex(DB.java:1153)
	at org.sqlite.core.NativeDB.prepare_utf8(Native Method)
	at org.sqlite.core.NativeDB.prepare(NativeDB.java:135)
	at org.sqlite.core.DB.prepare(DB.java:265)
	at org.sqlite.core.CorePreparedStatement.<init>(CorePreparedStatement.java:46)
	at org.sqlite.jdbc3.JDBC3PreparedStatement.<init>(JDBC3PreparedStatement.java:33)
	at org.sqlite.jdbc4.JDBC4PreparedStatement.<init>(JDBC4PreparedStatement.java:28)
	at org.sqlite.jdbc4.JDBC4Connection.prepareStatement(JDBC4Connection.java:34)
	at org.sqlite.jdbc3.JDBC3Connection.prepareStatement(JDBC3Connection.java:225)
	at org.sqlite.jdbc3.JDBC3Connection.prepareStatement(JDBC3Connection.java:205)
	at server.dao.WalletDAO.getHistory(WalletDAO.java:48)
	at server.ClientHandler.handleGetWalletHistory(ClientHandler.java:433)
	at server.ClientHandler.handleRequest(ClientHandler.java:115)
	at server.ClientHandler.run(ClientHandler.java:48)
	at java.base/java.lang.Thread.run(Thread.java:1474)
2026-05-18 11:26:38 [Thread-0] ERROR server.dao.WalletDAO - Lỗi SQL trong quá trình giao dịch.
org.sqlite.SQLiteException: [SQLITE_ERROR] SQL error or missing database (no such table: Money)
	at org.sqlite.core.DB.newSQLException(DB.java:1182)
	at org.sqlite.core.DB.newSQLException(DB.java:1193)
	at org.sqlite.core.DB.throwex(DB.java:1153)
	at org.sqlite.core.NativeDB.prepare_utf8(Native Method)
	at org.sqlite.core.NativeDB.prepare(NativeDB.java:135)
	at org.sqlite.core.DB.prepare(DB.java:265)
	at org.sqlite.core.CorePreparedStatement.<init>(CorePreparedStatement.java:46)
	at org.sqlite.jdbc3.JDBC3PreparedStatement.<init>(JDBC3PreparedStatement.java:33)
	at org.sqlite.jdbc4.JDBC4PreparedStatement.<init>(JDBC4PreparedStatement.java:28)
	at org.sqlite.jdbc4.JDBC4Connection.prepareStatement(JDBC4Connection.java:34)
	at org.sqlite.jdbc3.JDBC3Connection.prepareStatement(JDBC3Connection.java:225)
	at org.sqlite.jdbc3.JDBC3Connection.prepareStatement(JDBC3Connection.java:205)
	at server.dao.WalletDAO.processTransaction(WalletDAO.java:121)
	at server.ClientHandler.handleDepositWallet(ClientHandler.java:402)
	at server.ClientHandler.handleRequest(ClientHandler.java:109)
	at server.ClientHandler.run(ClientHandler.java:48)
	at java.base/java.lang.Thread.run(Thread.java:1474)
2026-05-18 11:26:38 [Thread-0] ERROR server.dao.WalletDAO - Lỗi lấy lịch sử giao dịch
org.sqlite.SQLiteException: [SQLITE_ERROR] SQL error or missing database (no such table: Money)
	at org.sqlite.core.DB.newSQLException(DB.java:1182)
	at org.sqlite.core.DB.newSQLException(DB.java:1193)
	at org.sqlite.core.DB.throwex(DB.java:1153)
	at org.sqlite.core.NativeDB.prepare_utf8(Native Method)
	at org.sqlite.core.NativeDB.prepare(NativeDB.java:135)
	at org.sqlite.core.DB.prepare(DB.java:265)
	at org.sqlite.core.CorePreparedStatement.<init>(CorePreparedStatement.java:46)
	at org.sqlite.jdbc3.JDBC3PreparedStatement.<init>(JDBC3PreparedStatement.java:33)
	at org.sqlite.jdbc4.JDBC4PreparedStatement.<init>(JDBC4PreparedStatement.java:28)
	at org.sqlite.jdbc4.JDBC4Connection.prepareStatement(JDBC4Connection.java:34)
	at org.sqlite.jdbc3.JDBC3Connection.prepareStatement(JDBC3Connection.java:225)
	at org.sqlite.jdbc3.JDBC3Connection.prepareStatement(JDBC3Connection.java:205)
	at server.dao.WalletDAO.getHistory(WalletDAO.java:48)
	at server.ClientHandler.handleGetWalletHistory(ClientHandler.java:433)
	at server.ClientHandler.handleRequest(ClientHandler.java:115)
	at server.ClientHandler.run(ClientHandler.java:48)
	at java.base/java.lang.Thread.run(Thread.java:1474)
2026-05-18 11:26:38 [Thread-0] ERROR server.dao.WalletDAO - Lỗi SQL trong quá trình giao dịch.
org.sqlite.SQLiteException: [SQLITE_ERROR] SQL error or missing database (no such table: Money)
	at org.sqlite.core.DB.newSQLException(DB.java:1182)
	at org.sqlite.core.DB.newSQLException(DB.java:1193)
	at org.sqlite.core.DB.throwex(DB.java:1153)
	at org.sqlite.core.NativeDB.prepare_utf8(Native Method)
	at org.sqlite.core.NativeDB.prepare(NativeDB.java:135)
	at org.sqlite.core.DB.prepare(DB.java:265)
	at org.sqlite.core.CorePreparedStatement.<init>(CorePreparedStatement.java:46)
	at org.sqlite.jdbc3.JDBC3PreparedStatement.<init>(JDBC3PreparedStatement.java:33)
	at org.sqlite.jdbc4.JDBC4PreparedStatement.<init>(JDBC4PreparedStatement.java:28)
	at org.sqlite.jdbc4.JDBC4Connection.prepareStatement(JDBC4Connection.java:34)
	at org.sqlite.jdbc3.JDBC3Connection.prepareStatement(JDBC3Connection.java:225)
	at org.sqlite.jdbc3.JDBC3Connection.prepareStatement(JDBC3Connection.java:205)
	at server.dao.WalletDAO.processTransaction(WalletDAO.java:121)
	at server.ClientHandler.handleDepositWallet(ClientHandler.java:402)
	at server.ClientHandler.handleRequest(ClientHandler.java:109)
	at server.ClientHandler.run(ClientHandler.java:48)
	at java.base/java.lang.Thread.run(Thread.java:1474)
2026-05-18 11:26:38 [Thread-0] ERROR server.dao.WalletDAO - Lỗi lấy lịch sử giao dịch
org.sqlite.SQLiteException: [SQLITE_ERROR] SQL error or missing database (no such table: Money)
	at org.sqlite.core.DB.newSQLException(DB.java:1182)
	at org.sqlite.core.DB.newSQLException(DB.java:1193)
	at org.sqlite.core.DB.throwex(DB.java:1153)
	at org.sqlite.core.NativeDB.prepare_utf8(Native Method)
	at org.sqlite.core.NativeDB.prepare(NativeDB.java:135)
	at org.sqlite.core.DB.prepare(DB.java:265)
	at org.sqlite.core.CorePreparedStatement.<init>(CorePreparedStatement.java:46)
	at org.sqlite.jdbc3.JDBC3PreparedStatement.<init>(JDBC3PreparedStatement.java:33)
	at org.sqlite.jdbc4.JDBC4PreparedStatement.<init>(JDBC4PreparedStatement.java:28)
	at org.sqlite.jdbc4.JDBC4Connection.prepareStatement(JDBC4Connection.java:34)
	at org.sqlite.jdbc3.JDBC3Connection.prepareStatement(JDBC3Connection.java:225)
	at org.sqlite.jdbc3.JDBC3Connection.prepareStatement(JDBC3Connection.java:205)
	at server.dao.WalletDAO.getHistory(WalletDAO.java:48)
	at server.ClientHandler.handleGetWalletHistory(ClientHandler.java:433)
	at server.ClientHandler.handleRequest(ClientHandler.java:115)
	at server.ClientHandler.run(ClientHandler.java:48)
	at java.base/java.lang.Thread.run(Thread.java:1474)
2026-05-18 11:26:38 [Thread-0] ERROR server.dao.WalletDAO - Lỗi SQL trong quá trình giao dịch.
org.sqlite.SQLiteException: [SQLITE_ERROR] SQL error or missing database (no such table: Money)
	at org.sqlite.core.DB.newSQLException(DB.java:1182)
	at org.sqlite.core.DB.newSQLException(DB.java:1193)
	at org.sqlite.core.DB.throwex(DB.java:1153)
	at org.sqlite.core.NativeDB.prepare_utf8(Native Method)
	at org.sqlite.core.NativeDB.prepare(NativeDB.java:135)
	at org.sqlite.core.DB.prepare(DB.java:265)
	at org.sqlite.core.CorePreparedStatement.<init>(CorePreparedStatement.java:46)
	at org.sqlite.jdbc3.JDBC3PreparedStatement.<init>(JDBC3PreparedStatement.java:33)
	at org.sqlite.jdbc4.JDBC4PreparedStatement.<init>(JDBC4PreparedStatement.java:28)
	at org.sqlite.jdbc4.JDBC4Connection.prepareStatement(JDBC4Connection.java:34)
	at org.sqlite.jdbc3.JDBC3Connection.prepareStatement(JDBC3Connection.java:225)
	at org.sqlite.jdbc3.JDBC3Connection.prepareStatement(JDBC3Connection.java:205)
	at server.dao.WalletDAO.processTransaction(WalletDAO.java:121)
	at server.ClientHandler.handleDepositWallet(ClientHandler.java:402)
	at server.ClientHandler.handleRequest(ClientHandler.java:109)
	at server.ClientHandler.run(ClientHandler.java:48)
	at java.base/java.lang.Thread.run(Thread.java:1474)
2026-05-18 11:26:38 [Thread-0] ERROR server.dao.WalletDAO - Lỗi lấy lịch sử giao dịch
org.sqlite.SQLiteException: [SQLITE_ERROR] SQL error or missing database (no such table: Money)
	at org.sqlite.core.DB.newSQLException(DB.java:1182)
	at org.sqlite.core.DB.newSQLException(DB.java:1193)
	at org.sqlite.core.DB.throwex(DB.java:1153)
	at org.sqlite.core.NativeDB.prepare_utf8(Native Method)
	at org.sqlite.core.NativeDB.prepare(NativeDB.java:135)
	at org.sqlite.core.DB.prepare(DB.java:265)
	at org.sqlite.core.CorePreparedStatement.<init>(CorePreparedStatement.java:46)
	at org.sqlite.jdbc3.JDBC3PreparedStatement.<init>(JDBC3PreparedStatement.java:33)
	at org.sqlite.jdbc4.JDBC4PreparedStatement.<init>(JDBC4PreparedStatement.java:28)
	at org.sqlite.jdbc4.JDBC4Connection.prepareStatement(JDBC4Connection.java:34)
	at org.sqlite.jdbc3.JDBC3Connection.prepareStatement(JDBC3Connection.java:225)
	at org.sqlite.jdbc3.JDBC3Connection.prepareStatement(JDBC3Connection.java:205)
	at server.dao.WalletDAO.getHistory(WalletDAO.java:48)
	at server.ClientHandler.handleGetWalletHistory(ClientHandler.java:433)
	at server.ClientHandler.handleRequest(ClientHandler.java:115)
	at server.ClientHandler.run(ClientHandler.java:48)
	at java.base/java.lang.Thread.run(Thread.java:1474)
2026-05-18 11:44:52 [main] INFO  server.dao.ConnectDatabase - Kết nối database thành công
2026-05-18 11:44:52 [main] INFO  server.AppServer - [SERVER] Kết nối database thành công
2026-05-18 11:44:52 [main] INFO  server.AppServer - [SERVER] Server đấu giá đang chạy trên port 8080...
2026-05-18 11:45:02 [Thread-0] INFO  server.dao.UserDAO - Người dùng John xác thực thành công
2026-05-18 11:45:13 [Thread-0] INFO  server.dao.WalletDAO - Giao dịch thành công: User John | Type: DEPOSIT | Amount: 12223
2026-05-18 11:45:43 [Thread-0] INFO  server.dao.WalletDAO - Giao dịch thành công: User John | Type: DEPOSIT | Amount: 12223
2026-05-18 11:47:50 [main] INFO  server.dao.ConnectDatabase - Kết nối database thành công
2026-05-18 11:47:50 [main] INFO  server.AppServer - [SERVER] Kết nối database thành công
2026-05-18 11:47:50 [main] INFO  server.AppServer - [SERVER] Server đấu giá đang chạy trên port 8080...
2026-05-18 11:48:02 [Thread-0] INFO  server.dao.UserDAO - Người dùng John xác thực thành công
2026-05-18 11:48:12 [Thread-0] INFO  server.dao.WalletDAO - Giao dịch thành công: User John | Type: DEPOSIT | Amount: 1223232
2026-05-18 11:48:38 [Thread-0] INFO  server.dao.WalletDAO - Giao dịch thành công: User John | Type: DEPOSIT | Amount: 122323
2026-05-18 11:55:26 [main] INFO  server.dao.ConnectDatabase - Kết nối database thành công
2026-05-18 11:55:26 [main] INFO  server.AppServer - [SERVER] Kết nối database thành công
2026-05-18 11:55:26 [main] INFO  server.AppServer - [SERVER] Server đấu giá đang chạy trên port 8080...
2026-05-18 11:55:44 [Thread-0] INFO  server.dao.UserDAO - Người dùng John xác thực thành công
2026-05-18 11:55:56 [Thread-0] INFO  server.dao.WalletDAO - Giao dịch thành công: User John | Type: DEPOSIT | Amount: 1223212
2026-05-18 11:57:56 [Thread-0] INFO  server.dao.WalletDAO - Giao dịch thành công: User John | Type: DEPOSIT | Amount: 1223212
2026-05-18 11:58:01 [Thread-0] INFO  server.dao.WalletDAO - Giao dịch thành công: User John | Type: DEPOSIT | Amount: 1223212
2026-05-18 12:01:40 [main] INFO  server.dao.ConnectDatabase - Kết nối database thành công
2026-05-18 12:01:40 [main] INFO  server.AppServer - [SERVER] Kết nối database thành công
2026-05-18 12:01:40 [main] INFO  server.AppServer - [SERVER] Server đấu giá đang chạy trên port 8080...
2026-05-18 12:01:52 [Thread-0] INFO  server.dao.UserDAO - Người dùng John xác thực thành công
2026-05-18 12:02:00 [Thread-0] INFO  server.dao.WalletDAO - Giao dịch thành công: User John | Type: DEPOSIT | Amount: 12345
2026-05-18 12:02:10 [Thread-0] INFO  server.dao.WalletDAO - Giao dịch thành công: User John | Type: WITHDRAW | Amount: 22222
2026-05-18 12:02:14 [Thread-0] INFO  server.dao.WalletDAO - Giao dịch thành công: User John | Type: WITHDRAW | Amount: 1221
2026-05-18 12:02:18 [Thread-0] INFO  server.dao.WalletDAO - Giao dịch thành công: User John | Type: WITHDRAW | Amount: 2211
2026-05-18 12:02:23 [Thread-0] INFO  server.dao.WalletDAO - Giao dịch thành công: User John | Type: WITHDRAW | Amount: 222222
2026-05-18 12:02:29 [Thread-0] INFO  server.dao.WalletDAO - Giao dịch thành công: User John | Type: WITHDRAW | Amount: 222221
2026-05-18 12:02:33 [Thread-0] INFO  server.dao.WalletDAO - Giao dịch thành công: User John | Type: DEPOSIT | Amount: 2212112
2026-05-18 14:28:38 [main] INFO  server.dao.ConnectDatabase - Kết nối database thành công
2026-05-18 14:28:38 [main] INFO  server.AppServer - [SERVER] Kết nối database thành công
2026-05-18 14:28:38 [main] INFO  server.AppServer - [SERVER] Server đấu giá đang chạy trên port 8080...
2026-05-18 14:28:51 [Thread-0] INFO  server.dao.UserDAO - Người dùng John xác thực thành công
2026-05-18 14:29:17 [Thread-0] INFO  server.dao.WalletDAO - Giao dịch thành công: User John | Type: DEPOSIT | Amount: 500000
2026-05-18 14:29:25 [Thread-0] INFO  server.dao.WalletDAO - Giao dịch thành công: User John | Type: DEPOSIT | Amount: 100000
2026-05-18 14:29:46 [Thread-0] INFO  server.dao.WalletDAO - Giao dịch thành công: User John | Type: WITHDRAW | Amount: 444555
2026-05-18 14:29:51 [Thread-0] INFO  server.dao.WalletDAO - Giao dịch thành công: User John | Type: WITHDRAW | Amount: 6
2026-05-18 14:30:03 [Thread-0] INFO  server.dao.WalletDAO - Giao dịch thành công: User John | Type: WITHDRAW | Amount: 700000
2026-05-18 14:30:10 [Thread-0] INFO  server.dao.WalletDAO - Giao dịch thành công: User John | Type: DEPOSIT | Amount: 120000
2026-05-18 14:30:22 [Thread-0] INFO  server.dao.WalletDAO - Giao dịch thành công: User John | Type: DEPOSIT | Amount: 12000
2026-05-18 14:30:36 [Thread-0] INFO  server.dao.WalletDAO - Giao dịch thành công: User John | Type: DEPOSIT | Amount: 56555
2026-05-18 14:30:48 [Thread-0] INFO  server.dao.WalletDAO - Giao dịch thành công: User John | Type: WITHDRAW | Amount: 34
2026-05-18 14:36:17 [main] INFO  server.dao.ConnectDatabase - Kết nối database thành công
2026-05-18 14:36:17 [main] INFO  server.AppServer - [SERVER] Kết nối database thành công
2026-05-18 14:36:17 [main] INFO  server.AppServer - [SERVER] Server đấu giá đang chạy trên port 8080...
2026-05-18 14:36:29 [Thread-0] INFO  server.dao.UserDAO - Người dùng John xác thực thành công
2026-05-18 14:36:37 [Thread-0] INFO  server.dao.WalletDAO - Giao dịch thành công: User John | Type: DEPOSIT | Amount: 123232
2026-05-18 14:52:22 [main] INFO  server.dao.ConnectDatabase - Kết nối database thành công
2026-05-18 14:52:22 [main] INFO  server.AppServer - [SERVER] Kết nối database thành công
2026-05-18 14:52:22 [main] INFO  server.AppServer - [SERVER] Server đấu giá đang chạy trên port 8080...
2026-05-18 14:52:32 [Thread-0] INFO  server.dao.UserDAO - Người dùng John xác thực thành công
2026-05-18 14:52:53 [Thread-0] INFO  server.dao.WalletDAO - Giao dịch thành công: User John | Type: DEPOSIT | Amount: 1000000
2026-05-18 14:53:14 [Thread-0] INFO  server.dao.WalletDAO - Giao dịch thành công: User John | Type: DEPOSIT | Amount: 100000
2026-05-18 14:54:16 [main] INFO  server.dao.ConnectDatabase - Kết nối database thành công
2026-05-18 14:54:16 [main] INFO  server.AppServer - [SERVER] Kết nối database thành công
2026-05-18 14:54:16 [main] INFO  server.AppServer - [SERVER] Server đấu giá đang chạy trên port 8080...
2026-05-18 14:54:26 [Thread-0] INFO  server.dao.UserDAO - Người dùng John xác thực thành công
2026-05-18 14:54:35 [Thread-0] INFO  server.dao.WalletDAO - Giao dịch thành công: User John | Type: DEPOSIT | Amount: 100000
2026-05-18 14:54:43 [Thread-0] INFO  server.dao.WalletDAO - Giao dịch thành công: User John | Type: WITHDRAW | Amount: 12
2026-05-18 23:57:46 [main] INFO  server.dao.ConnectDatabase - Kết nối database thành công
2026-05-18 23:57:46 [main] INFO  server.AppServer - [SERVER] Kết nối database thành công
2026-05-18 23:57:46 [main] INFO  server.AppServer - [SERVER] Server đấu giá đang chạy trên port 8080...
2026-05-18 23:58:11 [Thread-0] INFO  server.dao.UserDAO - Người dùng John xác thực thành công
2026-05-18 23:58:20 [Thread-0] INFO  server.dao.WalletDAO - Giao dịch thành công: User John | Type: DEPOSIT | Amount: 1000000
2026-05-18 23:58:29 [Thread-0] INFO  server.dao.WalletDAO - Giao dịch thành công: User John | Type: WITHDRAW | Amount: 500000
2026-05-18 23:59:13 [Thread-0] WARN  server.AppServer - [SERVER] Không tìm thấy admin để gửi thông báo
2026-05-18 23:59:27 [Thread-1] INFO  server.dao.UserDAO - Người dùng admin xác thực thành công
2026-05-18 23:59:57 [Thread-2] INFO  server.dao.UserDAO - Người dùng Hung xác thực thành công
