2026-05-10 08:39:12 [main] INFO  server.dao.ConnectDatabase - Kết nối database thành công
2026-05-10 08:39:12 [main] INFO  server.AppServer - [SERVER] Kết nối database thành công
2026-05-10 08:39:12 [main] INFO  server.AppServer - [SERVER] Server đấu giá đang chạy trên port 8080...
2026-05-10 08:39:29 [Thread-0] INFO  server.dao.UserDAO - Người dùng John xác thực thành công
2026-05-10 08:41:53 [main] INFO  server.dao.ConnectDatabase - Kết nối database thành công
2026-05-10 08:41:53 [main] INFO  server.AppServer - [SERVER] Kết nối database thành công
2026-05-10 08:41:53 [main] INFO  server.AppServer - [SERVER] Server đấu giá đang chạy trên port 8080...
2026-05-10 08:42:04 [Thread-0] INFO  server.dao.UserDAO - Người dùng John xác thực thành công
2026-05-10 08:42:41 [Thread-0] ERROR server.dao.ProductDAO - Lỗi SQL khi cập nhật trạng thái sản phẩm
org.sqlite.SQLiteException: [SQLITE_ERROR] SQL error or missing database (no such column: idSold)
	at org.sqlite.core.DB.newSQLException(DB.java:1182)
	at org.sqlite.core.DB.newSQLException(DB.java:1193)
	at org.sqlite.core.DB.throwex(DB.java:1153)
	at org.sqlite.core.NativeDB.prepare_utf8(Native Method)
	at org.sqlite.core.NativeDB.prepare(NativeDB.java:135)
	at org.sqlite.core.DB.prepare(DB.java:265)
	at org.sqlite.core.CorePreparedStatement.<init>(CorePreparedStatement.java:46)
	at org.sqlite.jdbc3.JDBC3PreparedStatement.<init>(JDBC3PreparedStatement.java:33)
	at org.sqlite.jdbc4.JDBC4PreparedStatement.<init>(JDBC4PreparedStatement.java:28)
	at org.sqlite.jdbc4.JDBC4Connection.prepareStatement(JDBC4Connection.java:34)
	at org.sqlite.jdbc3.JDBC3Connection.prepareStatement(JDBC3Connection.java:225)
	at org.sqlite.jdbc3.JDBC3Connection.prepareStatement(JDBC3Connection.java:205)
	at server.dao.ProductDAO.updateProductStatus(ProductDAO.java:41)
	at server.ClientHandler.handleCreateRoom(ClientHandler.java:139)
	at server.ClientHandler.handleRequest(ClientHandler.java:63)
	at server.ClientHandler.run(ClientHandler.java:42)
	at java.base/java.lang.Thread.run(Thread.java:1474)
2026-05-10 08:42:41 [Thread-0] WARN  server.AppServer - [SERVER] Không tìm thấy admin để gửi thông báo
2026-05-10 08:42:59 [Thread-1] INFO  server.dao.UserDAO - Người dùng admin xác thực thành công
2026-05-10 08:43:03 [Thread-1] ERROR server.dao.ProductDAO - Lỗi SQL khi cập nhật trạng thái sản phẩm
org.sqlite.SQLiteException: [SQLITE_ERROR] SQL error or missing database (no such column: idSold)
	at org.sqlite.core.DB.newSQLException(DB.java:1182)
	at org.sqlite.core.DB.newSQLException(DB.java:1193)
	at org.sqlite.core.DB.throwex(DB.java:1153)
	at org.sqlite.core.NativeDB.prepare_utf8(Native Method)
	at org.sqlite.core.NativeDB.prepare(NativeDB.java:135)
	at org.sqlite.core.DB.prepare(DB.java:265)
	at org.sqlite.core.CorePreparedStatement.<init>(CorePreparedStatement.java:46)
	at org.sqlite.jdbc3.JDBC3PreparedStatement.<init>(JDBC3PreparedStatement.java:33)
	at org.sqlite.jdbc4.JDBC4PreparedStatement.<init>(JDBC4PreparedStatement.java:28)
	at org.sqlite.jdbc4.JDBC4Connection.prepareStatement(JDBC4Connection.java:34)
	at org.sqlite.jdbc3.JDBC3Connection.prepareStatement(JDBC3Connection.java:225)
	at org.sqlite.jdbc3.JDBC3Connection.prepareStatement(JDBC3Connection.java:205)
	at server.dao.ProductDAO.updateProductStatus(ProductDAO.java:41)
	at server.ClientHandler.handleAdminDecision(ClientHandler.java:161)
	at server.ClientHandler.handleRequest(ClientHandler.java:69)
	at server.ClientHandler.run(ClientHandler.java:42)
	at java.base/java.lang.Thread.run(Thread.java:1474)
2026-05-10 09:29:05 [main] INFO  server.dao.ConnectDatabase - Kết nối database thành công
2026-05-10 09:29:05 [main] INFO  server.AppServer - [SERVER] Kết nối database thành công
2026-05-10 09:29:05 [main] INFO  server.AppServer - [SERVER] Server đấu giá đang chạy trên port 8080...
2026-05-10 09:29:16 [Thread-0] INFO  server.dao.UserDAO - Người dùng John xác thực thành công
