2026-05-09 21:13:11 [main] INFO  server.dao.ConnectDatabase - Kết nối database thành công
2026-05-09 21:13:11 [main] INFO  server.AppServer - [SERVER] Kết nối database thành công
2026-05-09 21:13:11 [main] INFO  server.AppServer - [SERVER] Server đấu giá đang chạy trên port 8080...
2026-05-09 21:13:26 [Thread-0] INFO  server.dao.UserDAO - Người dùng John xác thực thành công
2026-05-09 21:13:26 [Thread-0] WARN  server.ClientHandler - Hành động không xác định GET_MY_ROOMS
2026-05-09 21:16:23 [main] INFO  server.dao.ConnectDatabase - Kết nối database thành công
2026-05-09 21:16:23 [main] INFO  server.AppServer - [SERVER] Kết nối database thành công
2026-05-09 21:16:23 [main] INFO  server.AppServer - [SERVER] Server đấu giá đang chạy trên port 8080...
2026-05-09 21:16:34 [Thread-0] INFO  server.dao.UserDAO - Người dùng John xác thực thành công
2026-05-09 21:16:35 [Thread-0] WARN  server.ClientHandler - Hành động không xác định GET_MY_ROOMS
2026-05-09 21:16:38 [Thread-0] WARN  server.ClientHandler - Hành động không xác định GET_MY_ROOMS
2026-05-09 21:16:42 [Thread-0] WARN  server.ClientHandler - Hành động không xác định GET_MY_ROOMS
2026-05-09 21:16:42 [Thread-0] WARN  server.ClientHandler - Hành động không xác định GET_MY_ROOMS
2026-05-09 21:17:13 [Thread-0] ERROR server.ClientHandler - Lỗi kết nối với Client John: Connection reset
2026-05-09 21:17:38 [Thread-1] INFO  server.dao.UserDAO - Người dùng John xác thực thành công
2026-05-09 21:17:39 [Thread-1] WARN  server.ClientHandler - Hành động không xác định GET_MY_ROOMS
2026-05-09 21:17:41 [Thread-1] WARN  server.ClientHandler - Hành động không xác định GET_MY_ROOMS
2026-05-09 21:17:43 [Thread-1] WARN  server.ClientHandler - Hành động không xác định GET_MY_ROOMS
2026-05-09 21:17:44 [Thread-1] WARN  server.ClientHandler - Hành động không xác định GET_MY_ROOMS
2026-05-09 21:18:17 [Thread-1] WARN  server.ClientHandler - Hành động không xác định GET_MY_ROOMS
2026-05-09 21:18:20 [Thread-1] ERROR server.ClientHandler - Lỗi kết nối với Client John: Connection reset
2026-05-09 21:18:32 [Thread-2] INFO  server.dao.UserDAO - Người dùng John xác thực thành công
2026-05-09 21:18:32 [Thread-2] WARN  server.ClientHandler - Hành động không xác định GET_MY_ROOMS
2026-05-09 21:18:34 [Thread-2] WARN  server.ClientHandler - Hành động không xác định GET_MY_ROOMS
2026-05-09 21:18:35 [Thread-2] WARN  server.ClientHandler - Hành động không xác định GET_MY_ROOMS
2026-05-09 21:18:36 [Thread-2] WARN  server.ClientHandler - Hành động không xác định GET_MY_ROOMS
2026-05-09 21:18:36 [Thread-2] WARN  server.ClientHandler - Hành động không xác định GET_MY_ROOMS
2026-05-09 21:29:25 [main] INFO  server.dao.ConnectDatabase - Kết nối database thành công
2026-05-09 21:29:25 [main] INFO  server.AppServer - [SERVER] Kết nối database thành công
2026-05-09 21:29:25 [main] INFO  server.AppServer - [SERVER] Server đấu giá đang chạy trên port 8080...
2026-05-09 21:29:39 [Thread-0] INFO  server.dao.UserDAO - Người dùng John xác thực thành công
2026-05-09 21:30:12 [Thread-1] INFO  server.dao.UserDAO - Người dùng admin xác thực thành công
2026-05-09 22:00:16 [main] INFO  server.dao.ConnectDatabase - Kết nối database thành công
2026-05-09 22:00:16 [main] INFO  server.AppServer - [SERVER] Kết nối database thành công
2026-05-09 22:00:16 [main] INFO  server.AppServer - [SERVER] Server đấu giá đang chạy trên port 8080...
2026-05-09 22:00:29 [Thread-0] INFO  server.dao.UserDAO - Người dùng John xác thực thành công
2026-05-09 22:00:57 [Thread-0] ERROR server.dao.RoomDAO - Lỗi SQL khi tạo phòng
org.sqlite.SQLiteException: [SQLITE_CONSTRAINT_NOTNULL] A NOT NULL constraint failed (NOT NULL constraint failed: Room.beginTime)
	at org.sqlite.core.DB.newSQLException(DB.java:1182)
	at org.sqlite.core.DB.newSQLException(DB.java:1193)
	at org.sqlite.core.DB.execute(DB.java:988)
	at org.sqlite.core.DB.executeUpdate(DB.java:1057)
	at org.sqlite.jdbc3.JDBC3PreparedStatement.lambda$executeLargeUpdate$2(JDBC3PreparedStatement.java:130)
	at org.sqlite.jdbc3.JDBC3Statement.withConnectionTimeout(JDBC3Statement.java:464)
	at org.sqlite.jdbc3.JDBC3PreparedStatement.executeLargeUpdate(JDBC3PreparedStatement.java:125)
	at org.sqlite.jdbc3.JDBC3PreparedStatement.executeUpdate(JDBC3PreparedStatement.java:106)
	at server.dao.RoomDAO.createRoom(RoomDAO.java:42)
	at server.ClientHandler.handleCreateRoom(ClientHandler.java:134)
	at server.ClientHandler.handleRequest(ClientHandler.java:63)
	at server.ClientHandler.run(ClientHandler.java:42)
	at java.base/java.lang.Thread.run(Thread.java:1474)
2026-05-09 22:01:05 [Thread-0] ERROR server.dao.RoomDAO - Lỗi SQL khi tạo phòng
org.sqlite.SQLiteException: [SQLITE_CONSTRAINT_NOTNULL] A NOT NULL constraint failed (NOT NULL constraint failed: Room.beginTime)
	at org.sqlite.core.DB.newSQLException(DB.java:1182)
	at org.sqlite.core.DB.newSQLException(DB.java:1193)
	at org.sqlite.core.DB.execute(DB.java:988)
	at org.sqlite.core.DB.executeUpdate(DB.java:1057)
	at org.sqlite.jdbc3.JDBC3PreparedStatement.lambda$executeLargeUpdate$2(JDBC3PreparedStatement.java:130)
	at org.sqlite.jdbc3.JDBC3Statement.withConnectionTimeout(JDBC3Statement.java:464)
	at org.sqlite.jdbc3.JDBC3PreparedStatement.executeLargeUpdate(JDBC3PreparedStatement.java:125)
	at org.sqlite.jdbc3.JDBC3PreparedStatement.executeUpdate(JDBC3PreparedStatement.java:106)
	at server.dao.RoomDAO.createRoom(RoomDAO.java:42)
	at server.ClientHandler.handleCreateRoom(ClientHandler.java:134)
	at server.ClientHandler.handleRequest(ClientHandler.java:63)
	at server.ClientHandler.run(ClientHandler.java:42)
	at java.base/java.lang.Thread.run(Thread.java:1474)
2026-05-09 22:19:07 [main] INFO  server.dao.ConnectDatabase - Kết nối database thành công
2026-05-09 22:19:07 [main] INFO  server.AppServer - [SERVER] Kết nối database thành công
2026-05-09 22:19:07 [main] INFO  server.AppServer - [SERVER] Server đấu giá đang chạy trên port 8080...
2026-05-09 22:19:41 [Thread-0] INFO  server.dao.UserDAO - Người dùng John xác thực thành công
2026-05-09 22:19:58 [Thread-1] INFO  server.dao.UserDAO - Người dùng admin xác thực thành công
2026-05-09 22:20:29 [Thread-0] ERROR server.dao.RoomDAO - Lỗi SQL khi tạo phòng
org.sqlite.SQLiteException: [SQLITE_CONSTRAINT_NOTNULL] A NOT NULL constraint failed (NOT NULL constraint failed: Room.beginTime)
	at org.sqlite.core.DB.newSQLException(DB.java:1182)
	at org.sqlite.core.DB.newSQLException(DB.java:1193)
	at org.sqlite.core.DB.execute(DB.java:988)
	at org.sqlite.core.DB.executeUpdate(DB.java:1057)
	at org.sqlite.jdbc3.JDBC3PreparedStatement.lambda$executeLargeUpdate$2(JDBC3PreparedStatement.java:130)
	at org.sqlite.jdbc3.JDBC3Statement.withConnectionTimeout(JDBC3Statement.java:464)
	at org.sqlite.jdbc3.JDBC3PreparedStatement.executeLargeUpdate(JDBC3PreparedStatement.java:125)
	at org.sqlite.jdbc3.JDBC3PreparedStatement.executeUpdate(JDBC3PreparedStatement.java:106)
	at server.dao.RoomDAO.createRoom(RoomDAO.java:42)
	at server.ClientHandler.handleCreateRoom(ClientHandler.java:134)
	at server.ClientHandler.handleRequest(ClientHandler.java:63)
	at server.ClientHandler.run(ClientHandler.java:42)
	at java.base/java.lang.Thread.run(Thread.java:1474)
2026-05-09 22:23:19 [main] INFO  server.dao.ConnectDatabase - Kết nối database thành công
2026-05-09 22:23:19 [main] INFO  server.AppServer - [SERVER] Kết nối database thành công
2026-05-09 22:23:19 [main] INFO  server.AppServer - [SERVER] Server đấu giá đang chạy trên port 8080...
2026-05-09 22:23:31 [Thread-0] INFO  server.dao.UserDAO - Người dùng John xác thực thành công
2026-05-09 22:23:47 [Thread-0] ERROR server.dao.RoomDAO - Lỗi SQL khi tạo phòng
org.sqlite.SQLiteException: [SQLITE_CONSTRAINT_NOTNULL] A NOT NULL constraint failed (NOT NULL constraint failed: Room.beginTime)
	at org.sqlite.core.DB.newSQLException(DB.java:1182)
	at org.sqlite.core.DB.newSQLException(DB.java:1193)
	at org.sqlite.core.DB.execute(DB.java:988)
	at org.sqlite.core.DB.executeUpdate(DB.java:1057)
	at org.sqlite.jdbc3.JDBC3PreparedStatement.lambda$executeLargeUpdate$2(JDBC3PreparedStatement.java:130)
	at org.sqlite.jdbc3.JDBC3Statement.withConnectionTimeout(JDBC3Statement.java:464)
	at org.sqlite.jdbc3.JDBC3PreparedStatement.executeLargeUpdate(JDBC3PreparedStatement.java:125)
	at org.sqlite.jdbc3.JDBC3PreparedStatement.executeUpdate(JDBC3PreparedStatement.java:106)
	at server.dao.RoomDAO.createRoom(RoomDAO.java:42)
	at server.ClientHandler.handleCreateRoom(ClientHandler.java:134)
	at server.ClientHandler.handleRequest(ClientHandler.java:63)
	at server.ClientHandler.run(ClientHandler.java:42)
	at java.base/java.lang.Thread.run(Thread.java:1474)
